<?xml version="1.0" encoding="UTF-8"?>
<testsuite xmlns:xsi="http://www.w3.org/2001/XMLSchema-instance" xsi:noNamespaceSchemaLocation="https://maven.apache.org/surefire/maven-surefire-plugin/xsd/surefire-test-report.xsd" name="org.hgc.authentication.DemoApplicationTests" time="12.013" tests="3" errors="0" skipped="0" failures="0">
  <properties>
    <property name="sun.desktop" value="windows"/>
    <property name="awt.toolkit" value="sun.awt.windows.WToolkit"/>
    <property name="file.encoding.pkg" value="sun.io"/>
    <property name="java.specification.version" value="1.8"/>
    <property name="sun.cpu.isalist" value="amd64"/>
    <property name="sun.jnu.encoding" value="GBK"/>
    <property name="java.class.path" value="D:\IDEAProj\authentication\target\test-classes;D:\IDEAProj\authentication\target\classes;D:\install_data\Maven\apache-maven-3.6.3-bin\apache-maven-3.6.3\repository\org\springframework\boot\spring-boot-starter-web\2.6.3\spring-boot-starter-web-2.6.3.jar;D:\install_data\Maven\apache-maven-3.6.3-bin\apache-maven-3.6.3\repository\org\springframework\boot\spring-boot-starter\2.6.3\spring-boot-starter-2.6.3.jar;D:\install_data\Maven\apache-maven-3.6.3-bin\apache-maven-3.6.3\repository\org\springframework\boot\spring-boot\2.6.3\spring-boot-2.6.3.jar;D:\install_data\Maven\apache-maven-3.6.3-bin\apache-maven-3.6.3\repository\jakarta\annotation\jakarta.annotation-api\1.3.5\jakarta.annotation-api-1.3.5.jar;D:\install_data\Maven\apache-maven-3.6.3-bin\apache-maven-3.6.3\repository\org\yaml\snakeyaml\1.29\snakeyaml-1.29.jar;D:\install_data\Maven\apache-maven-3.6.3-bin\apache-maven-3.6.3\repository\org\springframework\boot\spring-boot-starter-json\2.6.3\spring-boot-starter-json-2.6.3.jar;D:\install_data\Maven\apache-maven-3.6.3-bin\apache-maven-3.6.3\repository\com\fasterxml\jackson\datatype\jackson-datatype-jdk8\2.13.1\jackson-datatype-jdk8-2.13.1.jar;D:\install_data\Maven\apache-maven-3.6.3-bin\apache-maven-3.6.3\repository\com\fasterxml\jackson\datatype\jackson-datatype-jsr310\2.13.1\jackson-datatype-jsr310-2.13.1.jar;D:\install_data\Maven\apache-maven-3.6.3-bin\apache-maven-3.6.3\repository\com\fasterxml\jackson\module\jackson-module-parameter-names\2.13.1\jackson-module-parameter-names-2.13.1.jar;D:\install_data\Maven\apache-maven-3.6.3-bin\apache-maven-3.6.3\repository\org\springframework\boot\spring-boot-starter-tomcat\2.6.3\spring-boot-starter-tomcat-2.6.3.jar;D:\install_data\Maven\apache-maven-3.6.3-bin\apache-maven-3.6.3\repository\org\apache\tomcat\embed\tomcat-embed-core\9.0.56\tomcat-embed-core-9.0.56.jar;D:\install_data\Maven\apache-maven-3.6.3-bin\apache-maven-3.6.3\repository\org\apache\tomcat\embed\tomcat-embed-el\9.0.56\tomcat-embed-el-9.0.56.jar;D:\install_data\Maven\apache-maven-3.6.3-bin\apache-maven-3.6.3\repository\org\apache\tomcat\embed\tomcat-embed-websocket\9.0.56\tomcat-embed-websocket-9.0.56.jar;D:\install_data\Maven\apache-maven-3.6.3-bin\apache-maven-3.6.3\repository\org\springframework\spring-web\5.3.15\spring-web-5.3.15.jar;D:\install_data\Maven\apache-maven-3.6.3-bin\apache-maven-3.6.3\repository\org\springframework\spring-beans\5.3.15\spring-beans-5.3.15.jar;D:\install_data\Maven\apache-maven-3.6.3-bin\apache-maven-3.6.3\repository\org\springframework\spring-webmvc\5.3.15\spring-webmvc-5.3.15.jar;D:\install_data\Maven\apache-maven-3.6.3-bin\apache-maven-3.6.3\repository\org\springframework\spring-context\5.3.15\spring-context-5.3.15.jar;D:\install_data\Maven\apache-maven-3.6.3-bin\apache-maven-3.6.3\repository\org\springframework\spring-expression\5.3.15\spring-expression-5.3.15.jar;D:\install_data\Maven\apache-maven-3.6.3-bin\apache-maven-3.6.3\repository\org\springframework\boot\spring-boot-starter-log4j2\2.6.3\spring-boot-starter-log4j2-2.6.3.jar;D:\install_data\Maven\apache-maven-3.6.3-bin\apache-maven-3.6.3\repository\org\apache\logging\log4j\log4j-slf4j-impl\2.17.1\log4j-slf4j-impl-2.17.1.jar;D:\install_data\Maven\apache-maven-3.6.3-bin\apache-maven-3.6.3\repository\org\slf4j\slf4j-api\1.7.33\slf4j-api-1.7.33.jar;D:\install_data\Maven\apache-maven-3.6.3-bin\apache-maven-3.6.3\repository\org\apache\logging\log4j\log4j-api\2.17.1\log4j-api-2.17.1.jar;D:\install_data\Maven\apache-maven-3.6.3-bin\apache-maven-3.6.3\repository\org\apache\logging\log4j\log4j-core\2.17.1\log4j-core-2.17.1.jar;D:\install_data\Maven\apache-maven-3.6.3-bin\apache-maven-3.6.3\repository\org\apache\logging\log4j\log4j-jul\2.17.1\log4j-jul-2.17.1.jar;D:\install_data\Maven\apache-maven-3.6.3-bin\apache-maven-3.6.3\repository\org\slf4j\jul-to-slf4j\1.7.33\jul-to-slf4j-1.7.33.jar;D:\install_data\Maven\apache-maven-3.6.3-bin\apache-maven-3.6.3\repository\org\projectlombok\lombok\1.18.22\lombok-1.18.22.jar;D:\install_data\Maven\apache-maven-3.6.3-bin\apache-maven-3.6.3\repository\org\springframework\boot\spring-boot-starter-test\2.6.3\spring-boot-starter-test-2.6.3.jar;D:\install_data\Maven\apache-maven-3.6.3-bin\apache-maven-3.6.3\repository\org\springframework\boot\spring-boot-test\2.6.3\spring-boot-test-2.6.3.jar;D:\install_data\Maven\apache-maven-3.6.3-bin\apache-maven-3.6.3\repository\org\springframework\boot\spring-boot-test-autoconfigure\2.6.3\spring-boot-test-autoconfigure-2.6.3.jar;D:\install_data\Maven\apache-maven-3.6.3-bin\apache-maven-3.6.3\repository\com\jayway\jsonpath\json-path\2.6.0\json-path-2.6.0.jar;D:\install_data\Maven\apache-maven-3.6.3-bin\apache-maven-3.6.3\repository\net\minidev\json-smart\2.4.7\json-smart-2.4.7.jar;D:\install_data\Maven\apache-maven-3.6.3-bin\apache-maven-3.6.3\repository\net\minidev\accessors-smart\2.4.7\accessors-smart-2.4.7.jar;D:\install_data\Maven\apache-maven-3.6.3-bin\apache-maven-3.6.3\repository\org\ow2\asm\asm\9.1\asm-9.1.jar;D:\install_data\Maven\apache-maven-3.6.3-bin\apache-maven-3.6.3\repository\jakarta\xml\bind\jakarta.xml.bind-api\2.3.3\jakarta.xml.bind-api-2.3.3.jar;D:\install_data\Maven\apache-maven-3.6.3-bin\apache-maven-3.6.3\repository\jakarta\activation\jakarta.activation-api\1.2.2\jakarta.activation-api-1.2.2.jar;D:\install_data\Maven\apache-maven-3.6.3-bin\apache-maven-3.6.3\repository\org\assertj\assertj-core\3.21.0\assertj-core-3.21.0.jar;D:\install_data\Maven\apache-maven-3.6.3-bin\apache-maven-3.6.3\repository\org\hamcrest\hamcrest\2.2\hamcrest-2.2.jar;D:\install_data\Maven\apache-maven-3.6.3-bin\apache-maven-3.6.3\repository\org\junit\jupiter\junit-jupiter\5.8.2\junit-jupiter-5.8.2.jar;D:\install_data\Maven\apache-maven-3.6.3-bin\apache-maven-3.6.3\repository\org\junit\jupiter\junit-jupiter-api\5.8.2\junit-jupiter-api-5.8.2.jar;D:\install_data\Maven\apache-maven-3.6.3-bin\apache-maven-3.6.3\repository\org\opentest4j\opentest4j\1.2.0\opentest4j-1.2.0.jar;D:\install_data\Maven\apache-maven-3.6.3-bin\apache-maven-3.6.3\repository\org\junit\platform\junit-platform-commons\1.8.2\junit-platform-commons-1.8.2.jar;D:\install_data\Maven\apache-maven-3.6.3-bin\apache-maven-3.6.3\repository\org\apiguardian\apiguardian-api\1.1.2\apiguardian-api-1.1.2.jar;D:\install_data\Maven\apache-maven-3.6.3-bin\apache-maven-3.6.3\repository\org\junit\jupiter\junit-jupiter-params\5.8.2\junit-jupiter-params-5.8.2.jar;D:\install_data\Maven\apache-maven-3.6.3-bin\apache-maven-3.6.3\repository\org\junit\jupiter\junit-jupiter-engine\5.8.2\junit-jupiter-engine-5.8.2.jar;D:\install_data\Maven\apache-maven-3.6.3-bin\apache-maven-3.6.3\repository\org\junit\platform\junit-platform-engine\1.8.2\junit-platform-engine-1.8.2.jar;D:\install_data\Maven\apache-maven-3.6.3-bin\apache-maven-3.6.3\repository\org\mockito\mockito-core\4.0.0\mockito-core-4.0.0.jar;D:\install_data\Maven\apache-maven-3.6.3-bin\apache-maven-3.6.3\repository\net\bytebuddy\byte-buddy\1.11.22\byte-buddy-1.11.22.jar;D:\install_data\Maven\apache-maven-3.6.3-bin\apache-maven-3.6.3\repository\net\bytebuddy\byte-buddy-agent\1.11.22\byte-buddy-agent-1.11.22.jar;D:\install_data\Maven\apache-maven-3.6.3-bin\apache-maven-3.6.3\repository\org\objenesis\objenesis\3.2\objenesis-3.2.jar;D:\install_data\Maven\apache-maven-3.6.3-bin\apache-maven-3.6.3\repository\org\mockito\mockito-junit-jupiter\4.0.0\mockito-junit-jupiter-4.0.0.jar;D:\install_data\Maven\apache-maven-3.6.3-bin\apache-maven-3.6.3\repository\org\skyscreamer\jsonassert\1.5.0\jsonassert-1.5.0.jar;D:\install_data\Maven\apache-maven-3.6.3-bin\apache-maven-3.6.3\repository\com\vaadin\external\google\android-json\0.0.20131108.vaadin1\android-json-0.0.20131108.vaadin1.jar;D:\install_data\Maven\apache-maven-3.6.3-bin\apache-maven-3.6.3\repository\org\springframework\spring-core\5.3.15\spring-core-5.3.15.jar;D:\install_data\Maven\apache-maven-3.6.3-bin\apache-maven-3.6.3\repository\org\springframework\spring-jcl\5.3.15\spring-jcl-5.3.15.jar;D:\install_data\Maven\apache-maven-3.6.3-bin\apache-maven-3.6.3\repository\org\springframework\spring-test\5.3.15\spring-test-5.3.15.jar;D:\install_data\Maven\apache-maven-3.6.3-bin\apache-maven-3.6.3\repository\org\xmlunit\xmlunit-core\2.8.4\xmlunit-core-2.8.4.jar;D:\install_data\Maven\apache-maven-3.6.3-bin\apache-maven-3.6.3\repository\com\baomidou\mybatis-plus-boot-starter\3.5.2\mybatis-plus-boot-starter-3.5.2.jar;D:\install_data\Maven\apache-maven-3.6.3-bin\apache-maven-3.6.3\repository\com\baomidou\mybatis-plus\3.5.2\mybatis-plus-3.5.2.jar;D:\install_data\Maven\apache-maven-3.6.3-bin\apache-maven-3.6.3\repository\com\baomidou\mybatis-plus-extension\3.5.2\mybatis-plus-extension-3.5.2.jar;D:\install_data\Maven\apache-maven-3.6.3-bin\apache-maven-3.6.3\repository\com\baomidou\mybatis-plus-core\3.5.2\mybatis-plus-core-3.5.2.jar;D:\install_data\Maven\apache-maven-3.6.3-bin\apache-maven-3.6.3\repository\com\baomidou\mybatis-plus-annotation\3.5.2\mybatis-plus-annotation-3.5.2.jar;D:\install_data\Maven\apache-maven-3.6.3-bin\apache-maven-3.6.3\repository\com\github\jsqlparser\jsqlparser\4.4\jsqlparser-4.4.jar;D:\install_data\Maven\apache-maven-3.6.3-bin\apache-maven-3.6.3\repository\org\mybatis\mybatis\3.5.10\mybatis-3.5.10.jar;D:\install_data\Maven\apache-maven-3.6.3-bin\apache-maven-3.6.3\repository\org\mybatis\mybatis-spring\2.0.7\mybatis-spring-2.0.7.jar;D:\install_data\Maven\apache-maven-3.6.3-bin\apache-maven-3.6.3\repository\org\jetbrains\kotlin\kotlin-stdlib-jdk8\1.6.10\kotlin-stdlib-jdk8-1.6.10.jar;D:\install_data\Maven\apache-maven-3.6.3-bin\apache-maven-3.6.3\repository\org\jetbrains\kotlin\kotlin-stdlib\1.6.10\kotlin-stdlib-1.6.10.jar;D:\install_data\Maven\apache-maven-3.6.3-bin\apache-maven-3.6.3\repository\org\jetbrains\annotations\13.0\annotations-13.0.jar;D:\install_data\Maven\apache-maven-3.6.3-bin\apache-maven-3.6.3\repository\org\jetbrains\kotlin\kotlin-stdlib-common\1.6.10\kotlin-stdlib-common-1.6.10.jar;D:\install_data\Maven\apache-maven-3.6.3-bin\apache-maven-3.6.3\repository\org\jetbrains\kotlin\kotlin-stdlib-jdk7\1.6.10\kotlin-stdlib-jdk7-1.6.10.jar;D:\install_data\Maven\apache-maven-3.6.3-bin\apache-maven-3.6.3\repository\org\springframework\boot\spring-boot-autoconfigure\2.6.3\spring-boot-autoconfigure-2.6.3.jar;D:\install_data\Maven\apache-maven-3.6.3-bin\apache-maven-3.6.3\repository\org\springframework\boot\spring-boot-starter-jdbc\2.6.3\spring-boot-starter-jdbc-2.6.3.jar;D:\install_data\Maven\apache-maven-3.6.3-bin\apache-maven-3.6.3\repository\com\zaxxer\HikariCP\4.0.3\HikariCP-4.0.3.jar;D:\install_data\Maven\apache-maven-3.6.3-bin\apache-maven-3.6.3\repository\org\springframework\spring-jdbc\5.3.15\spring-jdbc-5.3.15.jar;D:\install_data\Maven\apache-maven-3.6.3-bin\apache-maven-3.6.3\repository\mysql\mysql-connector-java\8.0.28\mysql-connector-java-8.0.28.jar;D:\install_data\Maven\apache-maven-3.6.3-bin\apache-maven-3.6.3\repository\org\springframework\boot\spring-boot-starter-security\2.6.3\spring-boot-starter-security-2.6.3.jar;D:\install_data\Maven\apache-maven-3.6.3-bin\apache-maven-3.6.3\repository\org\springframework\spring-aop\5.3.15\spring-aop-5.3.15.jar;D:\install_data\Maven\apache-maven-3.6.3-bin\apache-maven-3.6.3\repository\org\springframework\security\spring-security-config\5.6.1\spring-security-config-5.6.1.jar;D:\install_data\Maven\apache-maven-3.6.3-bin\apache-maven-3.6.3\repository\org\springframework\security\spring-security-core\5.6.1\spring-security-core-5.6.1.jar;D:\install_data\Maven\apache-maven-3.6.3-bin\apache-maven-3.6.3\repository\org\springframework\security\spring-security-web\5.6.1\spring-security-web-5.6.1.jar;D:\install_data\Maven\apache-maven-3.6.3-bin\apache-maven-3.6.3\repository\io\jsonwebtoken\jjwt\0.9.1\jjwt-0.9.1.jar;D:\install_data\Maven\apache-maven-3.6.3-bin\apache-maven-3.6.3\repository\com\fasterxml\jackson\core\jackson-databind\2.13.1\jackson-databind-2.13.1.jar;D:\install_data\Maven\apache-maven-3.6.3-bin\apache-maven-3.6.3\repository\com\fasterxml\jackson\core\jackson-annotations\2.13.1\jackson-annotations-2.13.1.jar;D:\install_data\Maven\apache-maven-3.6.3-bin\apache-maven-3.6.3\repository\com\fasterxml\jackson\core\jackson-core\2.13.1\jackson-core-2.13.1.jar;D:\install_data\Maven\apache-maven-3.6.3-bin\apache-maven-3.6.3\repository\org\springframework\boot\spring-boot-starter-data-redis\2.6.3\spring-boot-starter-data-redis-2.6.3.jar;D:\install_data\Maven\apache-maven-3.6.3-bin\apache-maven-3.6.3\repository\org\springframework\data\spring-data-redis\2.6.1\spring-data-redis-2.6.1.jar;D:\install_data\Maven\apache-maven-3.6.3-bin\apache-maven-3.6.3\repository\org\springframework\data\spring-data-keyvalue\2.6.1\spring-data-keyvalue-2.6.1.jar;D:\install_data\Maven\apache-maven-3.6.3-bin\apache-maven-3.6.3\repository\org\springframework\data\spring-data-commons\2.6.1\spring-data-commons-2.6.1.jar;D:\install_data\Maven\apache-maven-3.6.3-bin\apache-maven-3.6.3\repository\org\springframework\spring-tx\5.3.15\spring-tx-5.3.15.jar;D:\install_data\Maven\apache-maven-3.6.3-bin\apache-maven-3.6.3\repository\org\springframework\spring-oxm\5.3.15\spring-oxm-5.3.15.jar;D:\install_data\Maven\apache-maven-3.6.3-bin\apache-maven-3.6.3\repository\org\springframework\spring-context-support\5.3.15\spring-context-support-5.3.15.jar;D:\install_data\Maven\apache-maven-3.6.3-bin\apache-maven-3.6.3\repository\io\lettuce\lettuce-core\6.1.6.RELEASE\lettuce-core-6.1.6.RELEASE.jar;D:\install_data\Maven\apache-maven-3.6.3-bin\apache-maven-3.6.3\repository\io\netty\netty-common\4.1.73.Final\netty-common-4.1.73.Final.jar;D:\install_data\Maven\apache-maven-3.6.3-bin\apache-maven-3.6.3\repository\io\netty\netty-handler\4.1.73.Final\netty-handler-4.1.73.Final.jar;D:\install_data\Maven\apache-maven-3.6.3-bin\apache-maven-3.6.3\repository\io\netty\netty-resolver\4.1.73.Final\netty-resolver-4.1.73.Final.jar;D:\install_data\Maven\apache-maven-3.6.3-bin\apache-maven-3.6.3\repository\io\netty\netty-buffer\4.1.73.Final\netty-buffer-4.1.73.Final.jar;D:\install_data\Maven\apache-maven-3.6.3-bin\apache-maven-3.6.3\repository\io\netty\netty-codec\4.1.73.Final\netty-codec-4.1.73.Final.jar;D:\install_data\Maven\apache-maven-3.6.3-bin\apache-maven-3.6.3\repository\io\netty\netty-tcnative-classes\2.0.46.Final\netty-tcnative-classes-2.0.46.Final.jar;D:\install_data\Maven\apache-maven-3.6.3-bin\apache-maven-3.6.3\repository\io\netty\netty-transport\4.1.73.Final\netty-transport-4.1.73.Final.jar;D:\install_data\Maven\apache-maven-3.6.3-bin\apache-maven-3.6.3\repository\io\projectreactor\reactor-core\3.4.14\reactor-core-3.4.14.jar;D:\install_data\Maven\apache-maven-3.6.3-bin\apache-maven-3.6.3\repository\org\reactivestreams\reactive-streams\1.0.3\reactive-streams-1.0.3.jar;D:\install_data\Maven\apache-maven-3.6.3-bin\apache-maven-3.6.3\repository\com\alibaba\fastjson\1.2.83\fastjson-1.2.83.jar;D:\install_data\Maven\apache-maven-3.6.3-bin\apache-maven-3.6.3\repository\com\alibaba\cloud\spring-cloud-starter-alibaba-nacos-config\2021.0.1.0\spring-cloud-starter-alibaba-nacos-config-2021.0.1.0.jar;D:\install_data\Maven\apache-maven-3.6.3-bin\apache-maven-3.6.3\repository\com\alibaba\spring\spring-context-support\1.0.11\spring-context-support-1.0.11.jar;D:\install_data\Maven\apache-maven-3.6.3-bin\apache-maven-3.6.3\repository\com\alibaba\nacos\nacos-client\1.4.2\nacos-client-1.4.2.jar;D:\install_data\Maven\apache-maven-3.6.3-bin\apache-maven-3.6.3\repository\com\alibaba\nacos\nacos-common\1.4.2\nacos-common-1.4.2.jar;D:\install_data\Maven\apache-maven-3.6.3-bin\apache-maven-3.6.3\repository\commons-io\commons-io\2.7\commons-io-2.7.jar;D:\install_data\Maven\apache-maven-3.6.3-bin\apache-maven-3.6.3\repository\org\apache\httpcomponents\httpasyncclient\4.1.5\httpasyncclient-4.1.5.jar;D:\install_data\Maven\apache-maven-3.6.3-bin\apache-maven-3.6.3\repository\org\apache\httpcomponents\httpcore\4.4.15\httpcore-4.4.15.jar;D:\install_data\Maven\apache-maven-3.6.3-bin\apache-maven-3.6.3\repository\org\apache\httpcomponents\httpcore-nio\4.4.15\httpcore-nio-4.4.15.jar;D:\install_data\Maven\apache-maven-3.6.3-bin\apache-maven-3.6.3\repository\org\apache\httpcomponents\httpclient\4.5.13\httpclient-4.5.13.jar;D:\install_data\Maven\apache-maven-3.6.3-bin\apache-maven-3.6.3\repository\com\alibaba\nacos\nacos-api\1.4.2\nacos-api-1.4.2.jar;D:\install_data\Maven\apache-maven-3.6.3-bin\apache-maven-3.6.3\repository\com\google\guava\guava\30.1-jre\guava-30.1-jre.jar;D:\install_data\Maven\apache-maven-3.6.3-bin\apache-maven-3.6.3\repository\com\google\guava\failureaccess\1.0.1\failureaccess-1.0.1.jar;D:\install_data\Maven\apache-maven-3.6.3-bin\apache-maven-3.6.3\repository\com\google\guava\listenablefuture\9999.0-empty-to-avoid-conflict-with-guava\listenablefuture-9999.0-empty-to-avoid-conflict-with-guava.jar;D:\install_data\Maven\apache-maven-3.6.3-bin\apache-maven-3.6.3\repository\com\google\code\findbugs\jsr305\3.0.2\jsr305-3.0.2.jar;D:\install_data\Maven\apache-maven-3.6.3-bin\apache-maven-3.6.3\repository\org\checkerframework\checker-qual\3.5.0\checker-qual-3.5.0.jar;D:\install_data\Maven\apache-maven-3.6.3-bin\apache-maven-3.6.3\repository\com\google\errorprone\error_prone_annotations\2.3.4\error_prone_annotations-2.3.4.jar;D:\install_data\Maven\apache-maven-3.6.3-bin\apache-maven-3.6.3\repository\com\google\j2objc\j2objc-annotations\1.3\j2objc-annotations-1.3.jar;D:\install_data\Maven\apache-maven-3.6.3-bin\apache-maven-3.6.3\repository\commons-codec\commons-codec\1.15\commons-codec-1.15.jar;D:\install_data\Maven\apache-maven-3.6.3-bin\apache-maven-3.6.3\repository\io\prometheus\simpleclient\0.12.0\simpleclient-0.12.0.jar;D:\install_data\Maven\apache-maven-3.6.3-bin\apache-maven-3.6.3\repository\io\prometheus\simpleclient_tracer_otel\0.12.0\simpleclient_tracer_otel-0.12.0.jar;D:\install_data\Maven\apache-maven-3.6.3-bin\apache-maven-3.6.3\repository\io\prometheus\simpleclient_tracer_common\0.12.0\simpleclient_tracer_common-0.12.0.jar;D:\install_data\Maven\apache-maven-3.6.3-bin\apache-maven-3.6.3\repository\io\prometheus\simpleclient_tracer_otel_agent\0.12.0\simpleclient_tracer_otel_agent-0.12.0.jar;D:\install_data\Maven\apache-maven-3.6.3-bin\apache-maven-3.6.3\repository\org\springframework\cloud\spring-cloud-commons\3.1.1\spring-cloud-commons-3.1.1.jar;D:\install_data\Maven\apache-maven-3.6.3-bin\apache-maven-3.6.3\repository\org\springframework\security\spring-security-crypto\5.6.1\spring-security-crypto-5.6.1.jar;D:\install_data\Maven\apache-maven-3.6.3-bin\apache-maven-3.6.3\repository\org\springframework\cloud\spring-cloud-context\3.1.1\spring-cloud-context-3.1.1.jar;D:\install_data\Maven\apache-maven-3.6.3-bin\apache-maven-3.6.3\repository\org\springframework\cloud\spring-cloud-starter-bootstrap\3.1.1\spring-cloud-starter-bootstrap-3.1.1.jar;D:\install_data\Maven\apache-maven-3.6.3-bin\apache-maven-3.6.3\repository\org\springframework\cloud\spring-cloud-starter\3.1.1\spring-cloud-starter-3.1.1.jar;D:\install_data\Maven\apache-maven-3.6.3-bin\apache-maven-3.6.3\repository\org\springframework\security\spring-security-rsa\1.0.10.RELEASE\spring-security-rsa-1.0.10.RELEASE.jar;D:\install_data\Maven\apache-maven-3.6.3-bin\apache-maven-3.6.3\repository\org\bouncycastle\bcpkix-jdk15on\1.68\bcpkix-jdk15on-1.68.jar;D:\install_data\Maven\apache-maven-3.6.3-bin\apache-maven-3.6.3\repository\org\bouncycastle\bcprov-jdk15on\1.68\bcprov-jdk15on-1.68.jar;"/>
    <property name="java.vm.vendor" value="Oracle Corporation"/>
    <property name="sun.arch.data.model" value="64"/>
    <property name="user.variant" value=""/>
    <property name="java.vendor.url" value="http://java.oracle.com/"/>
    <property name="user.timezone" value="Asia/Shanghai"/>
    <property name="java.vm.specification.version" value="1.8"/>
    <property name="os.name" value="Windows 10"/>
    <property name="user.country" value="CN"/>
    <property name="sun.java.launcher" value="SUN_STANDARD"/>
    <property name="sun.boot.library.path" value="D:\install_data\Java\jre\bin"/>
    <property name="sun.java.command" value="C:\Users\gchan2\AppData\Local\Temp\surefire389122723272614661\surefirebooter4861953045694291778.jar C:\Users\gchan2\AppData\Local\Temp\surefire389122723272614661 2022-07-20T10-12-12_013-jvmRun1 surefire1106224611566713888tmp surefire_01948475972324584691tmp"/>
    <property name="surefire.test.class.path" value="D:\IDEAProj\authentication\target\test-classes;D:\IDEAProj\authentication\target\classes;D:\install_data\Maven\apache-maven-3.6.3-bin\apache-maven-3.6.3\repository\org\springframework\boot\spring-boot-starter-web\2.6.3\spring-boot-starter-web-2.6.3.jar;D:\install_data\Maven\apache-maven-3.6.3-bin\apache-maven-3.6.3\repository\org\springframework\boot\spring-boot-starter\2.6.3\spring-boot-starter-2.6.3.jar;D:\install_data\Maven\apache-maven-3.6.3-bin\apache-maven-3.6.3\repository\org\springframework\boot\spring-boot\2.6.3\spring-boot-2.6.3.jar;D:\install_data\Maven\apache-maven-3.6.3-bin\apache-maven-3.6.3\repository\jakarta\annotation\jakarta.annotation-api\1.3.5\jakarta.annotation-api-1.3.5.jar;D:\install_data\Maven\apache-maven-3.6.3-bin\apache-maven-3.6.3\repository\org\yaml\snakeyaml\1.29\snakeyaml-1.29.jar;D:\install_data\Maven\apache-maven-3.6.3-bin\apache-maven-3.6.3\repository\org\springframework\boot\spring-boot-starter-json\2.6.3\spring-boot-starter-json-2.6.3.jar;D:\install_data\Maven\apache-maven-3.6.3-bin\apache-maven-3.6.3\repository\com\fasterxml\jackson\datatype\jackson-datatype-jdk8\2.13.1\jackson-datatype-jdk8-2.13.1.jar;D:\install_data\Maven\apache-maven-3.6.3-bin\apache-maven-3.6.3\repository\com\fasterxml\jackson\datatype\jackson-datatype-jsr310\2.13.1\jackson-datatype-jsr310-2.13.1.jar;D:\install_data\Maven\apache-maven-3.6.3-bin\apache-maven-3.6.3\repository\com\fasterxml\jackson\module\jackson-module-parameter-names\2.13.1\jackson-module-parameter-names-2.13.1.jar;D:\install_data\Maven\apache-maven-3.6.3-bin\apache-maven-3.6.3\repository\org\springframework\boot\spring-boot-starter-tomcat\2.6.3\spring-boot-starter-tomcat-2.6.3.jar;D:\install_data\Maven\apache-maven-3.6.3-bin\apache-maven-3.6.3\repository\org\apache\tomcat\embed\tomcat-embed-core\9.0.56\tomcat-embed-core-9.0.56.jar;D:\install_data\Maven\apache-maven-3.6.3-bin\apache-maven-3.6.3\repository\org\apache\tomcat\embed\tomcat-embed-el\9.0.56\tomcat-embed-el-9.0.56.jar;D:\install_data\Maven\apache-maven-3.6.3-bin\apache-maven-3.6.3\repository\org\apache\tomcat\embed\tomcat-embed-websocket\9.0.56\tomcat-embed-websocket-9.0.56.jar;D:\install_data\Maven\apache-maven-3.6.3-bin\apache-maven-3.6.3\repository\org\springframework\spring-web\5.3.15\spring-web-5.3.15.jar;D:\install_data\Maven\apache-maven-3.6.3-bin\apache-maven-3.6.3\repository\org\springframework\spring-beans\5.3.15\spring-beans-5.3.15.jar;D:\install_data\Maven\apache-maven-3.6.3-bin\apache-maven-3.6.3\repository\org\springframework\spring-webmvc\5.3.15\spring-webmvc-5.3.15.jar;D:\install_data\Maven\apache-maven-3.6.3-bin\apache-maven-3.6.3\repository\org\springframework\spring-context\5.3.15\spring-context-5.3.15.jar;D:\install_data\Maven\apache-maven-3.6.3-bin\apache-maven-3.6.3\repository\org\springframework\spring-expression\5.3.15\spring-expression-5.3.15.jar;D:\install_data\Maven\apache-maven-3.6.3-bin\apache-maven-3.6.3\repository\org\springframework\boot\spring-boot-starter-log4j2\2.6.3\spring-boot-starter-log4j2-2.6.3.jar;D:\install_data\Maven\apache-maven-3.6.3-bin\apache-maven-3.6.3\repository\org\apache\logging\log4j\log4j-slf4j-impl\2.17.1\log4j-slf4j-impl-2.17.1.jar;D:\install_data\Maven\apache-maven-3.6.3-bin\apache-maven-3.6.3\repository\org\slf4j\slf4j-api\1.7.33\slf4j-api-1.7.33.jar;D:\install_data\Maven\apache-maven-3.6.3-bin\apache-maven-3.6.3\repository\org\apache\logging\log4j\log4j-api\2.17.1\log4j-api-2.17.1.jar;D:\install_data\Maven\apache-maven-3.6.3-bin\apache-maven-3.6.3\repository\org\apache\logging\log4j\log4j-core\2.17.1\log4j-core-2.17.1.jar;D:\install_data\Maven\apache-maven-3.6.3-bin\apache-maven-3.6.3\repository\org\apache\logging\log4j\log4j-jul\2.17.1\log4j-jul-2.17.1.jar;D:\install_data\Maven\apache-maven-3.6.3-bin\apache-maven-3.6.3\repository\org\slf4j\jul-to-slf4j\1.7.33\jul-to-slf4j-1.7.33.jar;D:\install_data\Maven\apache-maven-3.6.3-bin\apache-maven-3.6.3\repository\org\projectlombok\lombok\1.18.22\lombok-1.18.22.jar;D:\install_data\Maven\apache-maven-3.6.3-bin\apache-maven-3.6.3\repository\org\springframework\boot\spring-boot-starter-test\2.6.3\spring-boot-starter-test-2.6.3.jar;D:\install_data\Maven\apache-maven-3.6.3-bin\apache-maven-3.6.3\repository\org\springframework\boot\spring-boot-test\2.6.3\spring-boot-test-2.6.3.jar;D:\install_data\Maven\apache-maven-3.6.3-bin\apache-maven-3.6.3\repository\org\springframework\boot\spring-boot-test-autoconfigure\2.6.3\spring-boot-test-autoconfigure-2.6.3.jar;D:\install_data\Maven\apache-maven-3.6.3-bin\apache-maven-3.6.3\repository\com\jayway\jsonpath\json-path\2.6.0\json-path-2.6.0.jar;D:\install_data\Maven\apache-maven-3.6.3-bin\apache-maven-3.6.3\repository\net\minidev\json-smart\2.4.7\json-smart-2.4.7.jar;D:\install_data\Maven\apache-maven-3.6.3-bin\apache-maven-3.6.3\repository\net\minidev\accessors-smart\2.4.7\accessors-smart-2.4.7.jar;D:\install_data\Maven\apache-maven-3.6.3-bin\apache-maven-3.6.3\repository\org\ow2\asm\asm\9.1\asm-9.1.jar;D:\install_data\Maven\apache-maven-3.6.3-bin\apache-maven-3.6.3\repository\jakarta\xml\bind\jakarta.xml.bind-api\2.3.3\jakarta.xml.bind-api-2.3.3.jar;D:\install_data\Maven\apache-maven-3.6.3-bin\apache-maven-3.6.3\repository\jakarta\activation\jakarta.activation-api\1.2.2\jakarta.activation-api-1.2.2.jar;D:\install_data\Maven\apache-maven-3.6.3-bin\apache-maven-3.6.3\repository\org\assertj\assertj-core\3.21.0\assertj-core-3.21.0.jar;D:\install_data\Maven\apache-maven-3.6.3-bin\apache-maven-3.6.3\repository\org\hamcrest\hamcrest\2.2\hamcrest-2.2.jar;D:\install_data\Maven\apache-maven-3.6.3-bin\apache-maven-3.6.3\repository\org\junit\jupiter\junit-jupiter\5.8.2\junit-jupiter-5.8.2.jar;D:\install_data\Maven\apache-maven-3.6.3-bin\apache-maven-3.6.3\repository\org\junit\jupiter\junit-jupiter-api\5.8.2\junit-jupiter-api-5.8.2.jar;D:\install_data\Maven\apache-maven-3.6.3-bin\apache-maven-3.6.3\repository\org\opentest4j\opentest4j\1.2.0\opentest4j-1.2.0.jar;D:\install_data\Maven\apache-maven-3.6.3-bin\apache-maven-3.6.3\repository\org\junit\platform\junit-platform-commons\1.8.2\junit-platform-commons-1.8.2.jar;D:\install_data\Maven\apache-maven-3.6.3-bin\apache-maven-3.6.3\repository\org\apiguardian\apiguardian-api\1.1.2\apiguardian-api-1.1.2.jar;D:\install_data\Maven\apache-maven-3.6.3-bin\apache-maven-3.6.3\repository\org\junit\jupiter\junit-jupiter-params\5.8.2\junit-jupiter-params-5.8.2.jar;D:\install_data\Maven\apache-maven-3.6.3-bin\apache-maven-3.6.3\repository\org\junit\jupiter\junit-jupiter-engine\5.8.2\junit-jupiter-engine-5.8.2.jar;D:\install_data\Maven\apache-maven-3.6.3-bin\apache-maven-3.6.3\repository\org\junit\platform\junit-platform-engine\1.8.2\junit-platform-engine-1.8.2.jar;D:\install_data\Maven\apache-maven-3.6.3-bin\apache-maven-3.6.3\repository\org\mockito\mockito-core\4.0.0\mockito-core-4.0.0.jar;D:\install_data\Maven\apache-maven-3.6.3-bin\apache-maven-3.6.3\repository\net\bytebuddy\byte-buddy\1.11.22\byte-buddy-1.11.22.jar;D:\install_data\Maven\apache-maven-3.6.3-bin\apache-maven-3.6.3\repository\net\bytebuddy\byte-buddy-agent\1.11.22\byte-buddy-agent-1.11.22.jar;D:\install_data\Maven\apache-maven-3.6.3-bin\apache-maven-3.6.3\repository\org\objenesis\objenesis\3.2\objenesis-3.2.jar;D:\install_data\Maven\apache-maven-3.6.3-bin\apache-maven-3.6.3\repository\org\mockito\mockito-junit-jupiter\4.0.0\mockito-junit-jupiter-4.0.0.jar;D:\install_data\Maven\apache-maven-3.6.3-bin\apache-maven-3.6.3\repository\org\skyscreamer\jsonassert\1.5.0\jsonassert-1.5.0.jar;D:\install_data\Maven\apache-maven-3.6.3-bin\apache-maven-3.6.3\repository\com\vaadin\external\google\android-json\0.0.20131108.vaadin1\android-json-0.0.20131108.vaadin1.jar;D:\install_data\Maven\apache-maven-3.6.3-bin\apache-maven-3.6.3\repository\org\springframework\spring-core\5.3.15\spring-core-5.3.15.jar;D:\install_data\Maven\apache-maven-3.6.3-bin\apache-maven-3.6.3\repository\org\springframework\spring-jcl\5.3.15\spring-jcl-5.3.15.jar;D:\install_data\Maven\apache-maven-3.6.3-bin\apache-maven-3.6.3\repository\org\springframework\spring-test\5.3.15\spring-test-5.3.15.jar;D:\install_data\Maven\apache-maven-3.6.3-bin\apache-maven-3.6.3\repository\org\xmlunit\xmlunit-core\2.8.4\xmlunit-core-2.8.4.jar;D:\install_data\Maven\apache-maven-3.6.3-bin\apache-maven-3.6.3\repository\com\baomidou\mybatis-plus-boot-starter\3.5.2\mybatis-plus-boot-starter-3.5.2.jar;D:\install_data\Maven\apache-maven-3.6.3-bin\apache-maven-3.6.3\repository\com\baomidou\mybatis-plus\3.5.2\mybatis-plus-3.5.2.jar;D:\install_data\Maven\apache-maven-3.6.3-bin\apache-maven-3.6.3\repository\com\baomidou\mybatis-plus-extension\3.5.2\mybatis-plus-extension-3.5.2.jar;D:\install_data\Maven\apache-maven-3.6.3-bin\apache-maven-3.6.3\repository\com\baomidou\mybatis-plus-core\3.5.2\mybatis-plus-core-3.5.2.jar;D:\install_data\Maven\apache-maven-3.6.3-bin\apache-maven-3.6.3\repository\com\baomidou\mybatis-plus-annotation\3.5.2\mybatis-plus-annotation-3.5.2.jar;D:\install_data\Maven\apache-maven-3.6.3-bin\apache-maven-3.6.3\repository\com\github\jsqlparser\jsqlparser\4.4\jsqlparser-4.4.jar;D:\install_data\Maven\apache-maven-3.6.3-bin\apache-maven-3.6.3\repository\org\mybatis\mybatis\3.5.10\mybatis-3.5.10.jar;D:\install_data\Maven\apache-maven-3.6.3-bin\apache-maven-3.6.3\repository\org\mybatis\mybatis-spring\2.0.7\mybatis-spring-2.0.7.jar;D:\install_data\Maven\apache-maven-3.6.3-bin\apache-maven-3.6.3\repository\org\jetbrains\kotlin\kotlin-stdlib-jdk8\1.6.10\kotlin-stdlib-jdk8-1.6.10.jar;D:\install_data\Maven\apache-maven-3.6.3-bin\apache-maven-3.6.3\repository\org\jetbrains\kotlin\kotlin-stdlib\1.6.10\kotlin-stdlib-1.6.10.jar;D:\install_data\Maven\apache-maven-3.6.3-bin\apache-maven-3.6.3\repository\org\jetbrains\annotations\13.0\annotations-13.0.jar;D:\install_data\Maven\apache-maven-3.6.3-bin\apache-maven-3.6.3\repository\org\jetbrains\kotlin\kotlin-stdlib-common\1.6.10\kotlin-stdlib-common-1.6.10.jar;D:\install_data\Maven\apache-maven-3.6.3-bin\apache-maven-3.6.3\repository\org\jetbrains\kotlin\kotlin-stdlib-jdk7\1.6.10\kotlin-stdlib-jdk7-1.6.10.jar;D:\install_data\Maven\apache-maven-3.6.3-bin\apache-maven-3.6.3\repository\org\springframework\boot\spring-boot-autoconfigure\2.6.3\spring-boot-autoconfigure-2.6.3.jar;D:\install_data\Maven\apache-maven-3.6.3-bin\apache-maven-3.6.3\repository\org\springframework\boot\spring-boot-starter-jdbc\2.6.3\spring-boot-starter-jdbc-2.6.3.jar;D:\install_data\Maven\apache-maven-3.6.3-bin\apache-maven-3.6.3\repository\com\zaxxer\HikariCP\4.0.3\HikariCP-4.0.3.jar;D:\install_data\Maven\apache-maven-3.6.3-bin\apache-maven-3.6.3\repository\org\springframework\spring-jdbc\5.3.15\spring-jdbc-5.3.15.jar;D:\install_data\Maven\apache-maven-3.6.3-bin\apache-maven-3.6.3\repository\mysql\mysql-connector-java\8.0.28\mysql-connector-java-8.0.28.jar;D:\install_data\Maven\apache-maven-3.6.3-bin\apache-maven-3.6.3\repository\org\springframework\boot\spring-boot-starter-security\2.6.3\spring-boot-starter-security-2.6.3.jar;D:\install_data\Maven\apache-maven-3.6.3-bin\apache-maven-3.6.3\repository\org\springframework\spring-aop\5.3.15\spring-aop-5.3.15.jar;D:\install_data\Maven\apache-maven-3.6.3-bin\apache-maven-3.6.3\repository\org\springframework\security\spring-security-config\5.6.1\spring-security-config-5.6.1.jar;D:\install_data\Maven\apache-maven-3.6.3-bin\apache-maven-3.6.3\repository\org\springframework\security\spring-security-core\5.6.1\spring-security-core-5.6.1.jar;D:\install_data\Maven\apache-maven-3.6.3-bin\apache-maven-3.6.3\repository\org\springframework\security\spring-security-web\5.6.1\spring-security-web-5.6.1.jar;D:\install_data\Maven\apache-maven-3.6.3-bin\apache-maven-3.6.3\repository\io\jsonwebtoken\jjwt\0.9.1\jjwt-0.9.1.jar;D:\install_data\Maven\apache-maven-3.6.3-bin\apache-maven-3.6.3\repository\com\fasterxml\jackson\core\jackson-databind\2.13.1\jackson-databind-2.13.1.jar;D:\install_data\Maven\apache-maven-3.6.3-bin\apache-maven-3.6.3\repository\com\fasterxml\jackson\core\jackson-annotations\2.13.1\jackson-annotations-2.13.1.jar;D:\install_data\Maven\apache-maven-3.6.3-bin\apache-maven-3.6.3\repository\com\fasterxml\jackson\core\jackson-core\2.13.1\jackson-core-2.13.1.jar;D:\install_data\Maven\apache-maven-3.6.3-bin\apache-maven-3.6.3\repository\org\springframework\boot\spring-boot-starter-data-redis\2.6.3\spring-boot-starter-data-redis-2.6.3.jar;D:\install_data\Maven\apache-maven-3.6.3-bin\apache-maven-3.6.3\repository\org\springframework\data\spring-data-redis\2.6.1\spring-data-redis-2.6.1.jar;D:\install_data\Maven\apache-maven-3.6.3-bin\apache-maven-3.6.3\repository\org\springframework\data\spring-data-keyvalue\2.6.1\spring-data-keyvalue-2.6.1.jar;D:\install_data\Maven\apache-maven-3.6.3-bin\apache-maven-3.6.3\repository\org\springframework\data\spring-data-commons\2.6.1\spring-data-commons-2.6.1.jar;D:\install_data\Maven\apache-maven-3.6.3-bin\apache-maven-3.6.3\repository\org\springframework\spring-tx\5.3.15\spring-tx-5.3.15.jar;D:\install_data\Maven\apache-maven-3.6.3-bin\apache-maven-3.6.3\repository\org\springframework\spring-oxm\5.3.15\spring-oxm-5.3.15.jar;D:\install_data\Maven\apache-maven-3.6.3-bin\apache-maven-3.6.3\repository\org\springframework\spring-context-support\5.3.15\spring-context-support-5.3.15.jar;D:\install_data\Maven\apache-maven-3.6.3-bin\apache-maven-3.6.3\repository\io\lettuce\lettuce-core\6.1.6.RELEASE\lettuce-core-6.1.6.RELEASE.jar;D:\install_data\Maven\apache-maven-3.6.3-bin\apache-maven-3.6.3\repository\io\netty\netty-common\4.1.73.Final\netty-common-4.1.73.Final.jar;D:\install_data\Maven\apache-maven-3.6.3-bin\apache-maven-3.6.3\repository\io\netty\netty-handler\4.1.73.Final\netty-handler-4.1.73.Final.jar;D:\install_data\Maven\apache-maven-3.6.3-bin\apache-maven-3.6.3\repository\io\netty\netty-resolver\4.1.73.Final\netty-resolver-4.1.73.Final.jar;D:\install_data\Maven\apache-maven-3.6.3-bin\apache-maven-3.6.3\repository\io\netty\netty-buffer\4.1.73.Final\netty-buffer-4.1.73.Final.jar;D:\install_data\Maven\apache-maven-3.6.3-bin\apache-maven-3.6.3\repository\io\netty\netty-codec\4.1.73.Final\netty-codec-4.1.73.Final.jar;D:\install_data\Maven\apache-maven-3.6.3-bin\apache-maven-3.6.3\repository\io\netty\netty-tcnative-classes\2.0.46.Final\netty-tcnative-classes-2.0.46.Final.jar;D:\install_data\Maven\apache-maven-3.6.3-bin\apache-maven-3.6.3\repository\io\netty\netty-transport\4.1.73.Final\netty-transport-4.1.73.Final.jar;D:\install_data\Maven\apache-maven-3.6.3-bin\apache-maven-3.6.3\repository\io\projectreactor\reactor-core\3.4.14\reactor-core-3.4.14.jar;D:\install_data\Maven\apache-maven-3.6.3-bin\apache-maven-3.6.3\repository\org\reactivestreams\reactive-streams\1.0.3\reactive-streams-1.0.3.jar;D:\install_data\Maven\apache-maven-3.6.3-bin\apache-maven-3.6.3\repository\com\alibaba\fastjson\1.2.83\fastjson-1.2.83.jar;D:\install_data\Maven\apache-maven-3.6.3-bin\apache-maven-3.6.3\repository\com\alibaba\cloud\spring-cloud-starter-alibaba-nacos-config\2021.0.1.0\spring-cloud-starter-alibaba-nacos-config-2021.0.1.0.jar;D:\install_data\Maven\apache-maven-3.6.3-bin\apache-maven-3.6.3\repository\com\alibaba\spring\spring-context-support\1.0.11\spring-context-support-1.0.11.jar;D:\install_data\Maven\apache-maven-3.6.3-bin\apache-maven-3.6.3\repository\com\alibaba\nacos\nacos-client\1.4.2\nacos-client-1.4.2.jar;D:\install_data\Maven\apache-maven-3.6.3-bin\apache-maven-3.6.3\repository\com\alibaba\nacos\nacos-common\1.4.2\nacos-common-1.4.2.jar;D:\install_data\Maven\apache-maven-3.6.3-bin\apache-maven-3.6.3\repository\commons-io\commons-io\2.7\commons-io-2.7.jar;D:\install_data\Maven\apache-maven-3.6.3-bin\apache-maven-3.6.3\repository\org\apache\httpcomponents\httpasyncclient\4.1.5\httpasyncclient-4.1.5.jar;D:\install_data\Maven\apache-maven-3.6.3-bin\apache-maven-3.6.3\repository\org\apache\httpcomponents\httpcore\4.4.15\httpcore-4.4.15.jar;D:\install_data\Maven\apache-maven-3.6.3-bin\apache-maven-3.6.3\repository\org\apache\httpcomponents\httpcore-nio\4.4.15\httpcore-nio-4.4.15.jar;D:\install_data\Maven\apache-maven-3.6.3-bin\apache-maven-3.6.3\repository\org\apache\httpcomponents\httpclient\4.5.13\httpclient-4.5.13.jar;D:\install_data\Maven\apache-maven-3.6.3-bin\apache-maven-3.6.3\repository\com\alibaba\nacos\nacos-api\1.4.2\nacos-api-1.4.2.jar;D:\install_data\Maven\apache-maven-3.6.3-bin\apache-maven-3.6.3\repository\com\google\guava\guava\30.1-jre\guava-30.1-jre.jar;D:\install_data\Maven\apache-maven-3.6.3-bin\apache-maven-3.6.3\repository\com\google\guava\failureaccess\1.0.1\failureaccess-1.0.1.jar;D:\install_data\Maven\apache-maven-3.6.3-bin\apache-maven-3.6.3\repository\com\google\guava\listenablefuture\9999.0-empty-to-avoid-conflict-with-guava\listenablefuture-9999.0-empty-to-avoid-conflict-with-guava.jar;D:\install_data\Maven\apache-maven-3.6.3-bin\apache-maven-3.6.3\repository\com\google\code\findbugs\jsr305\3.0.2\jsr305-3.0.2.jar;D:\install_data\Maven\apache-maven-3.6.3-bin\apache-maven-3.6.3\repository\org\checkerframework\checker-qual\3.5.0\checker-qual-3.5.0.jar;D:\install_data\Maven\apache-maven-3.6.3-bin\apache-maven-3.6.3\repository\com\google\errorprone\error_prone_annotations\2.3.4\error_prone_annotations-2.3.4.jar;D:\install_data\Maven\apache-maven-3.6.3-bin\apache-maven-3.6.3\repository\com\google\j2objc\j2objc-annotations\1.3\j2objc-annotations-1.3.jar;D:\install_data\Maven\apache-maven-3.6.3-bin\apache-maven-3.6.3\repository\commons-codec\commons-codec\1.15\commons-codec-1.15.jar;D:\install_data\Maven\apache-maven-3.6.3-bin\apache-maven-3.6.3\repository\io\prometheus\simpleclient\0.12.0\simpleclient-0.12.0.jar;D:\install_data\Maven\apache-maven-3.6.3-bin\apache-maven-3.6.3\repository\io\prometheus\simpleclient_tracer_otel\0.12.0\simpleclient_tracer_otel-0.12.0.jar;D:\install_data\Maven\apache-maven-3.6.3-bin\apache-maven-3.6.3\repository\io\prometheus\simpleclient_tracer_common\0.12.0\simpleclient_tracer_common-0.12.0.jar;D:\install_data\Maven\apache-maven-3.6.3-bin\apache-maven-3.6.3\repository\io\prometheus\simpleclient_tracer_otel_agent\0.12.0\simpleclient_tracer_otel_agent-0.12.0.jar;D:\install_data\Maven\apache-maven-3.6.3-bin\apache-maven-3.6.3\repository\org\springframework\cloud\spring-cloud-commons\3.1.1\spring-cloud-commons-3.1.1.jar;D:\install_data\Maven\apache-maven-3.6.3-bin\apache-maven-3.6.3\repository\org\springframework\security\spring-security-crypto\5.6.1\spring-security-crypto-5.6.1.jar;D:\install_data\Maven\apache-maven-3.6.3-bin\apache-maven-3.6.3\repository\org\springframework\cloud\spring-cloud-context\3.1.1\spring-cloud-context-3.1.1.jar;D:\install_data\Maven\apache-maven-3.6.3-bin\apache-maven-3.6.3\repository\org\springframework\cloud\spring-cloud-starter-bootstrap\3.1.1\spring-cloud-starter-bootstrap-3.1.1.jar;D:\install_data\Maven\apache-maven-3.6.3-bin\apache-maven-3.6.3\repository\org\springframework\cloud\spring-cloud-starter\3.1.1\spring-cloud-starter-3.1.1.jar;D:\install_data\Maven\apache-maven-3.6.3-bin\apache-maven-3.6.3\repository\org\springframework\security\spring-security-rsa\1.0.10.RELEASE\spring-security-rsa-1.0.10.RELEASE.jar;D:\install_data\Maven\apache-maven-3.6.3-bin\apache-maven-3.6.3\repository\org\bouncycastle\bcpkix-jdk15on\1.68\bcpkix-jdk15on-1.68.jar;D:\install_data\Maven\apache-maven-3.6.3-bin\apache-maven-3.6.3\repository\org\bouncycastle\bcprov-jdk15on\1.68\bcprov-jdk15on-1.68.jar;"/>
    <property name="sun.cpu.endian" value="little"/>
    <property name="user.home" value="C:\Users\gchan2"/>
    <property name="user.language" value="zh"/>
    <property name="java.specification.vendor" value="Oracle Corporation"/>
    <property name="java.home" value="D:\install_data\Java\jre"/>
    <property name="basedir" value="D:\IDEAProj\authentication"/>
    <property name="file.separator" value="\"/>
    <property name="line.separator" value="&#10;"/>
    <property name="java.vm.specification.vendor" value="Oracle Corporation"/>
    <property name="java.specification.name" value="Java Platform API Specification"/>
    <property name="java.awt.graphicsenv" value="sun.awt.Win32GraphicsEnvironment"/>
    <property name="surefire.real.class.path" value="C:\Users\gchan2\AppData\Local\Temp\surefire389122723272614661\surefirebooter4861953045694291778.jar"/>
    <property name="sun.boot.class.path" value="D:\install_data\Java\jre\lib\resources.jar;D:\install_data\Java\jre\lib\rt.jar;D:\install_data\Java\jre\lib\sunrsasign.jar;D:\install_data\Java\jre\lib\jsse.jar;D:\install_data\Java\jre\lib\jce.jar;D:\install_data\Java\jre\lib\charsets.jar;D:\install_data\Java\jre\lib\jfr.jar;D:\install_data\Java\jre\classes"/>
    <property name="user.script" value=""/>
    <property name="sun.management.compiler" value="HotSpot 64-Bit Tiered Compilers"/>
    <property name="java.runtime.version" value="1.8.0_331-b09"/>
    <property name="user.name" value="gchan2"/>
    <property name="path.separator" value=";"/>
    <property name="os.version" value="10.0"/>
    <property name="java.endorsed.dirs" value="D:\install_data\Java\jre\lib\endorsed"/>
    <property name="java.runtime.name" value="Java(TM) SE Runtime Environment"/>
    <property name="file.encoding" value="GBK"/>
    <property name="java.vm.name" value="Java HotSpot(TM) 64-Bit Server VM"/>
    <property name="localRepository" value="D:\install_data\Maven\apache-maven-3.6.3-bin\apache-maven-3.6.3\repository"/>
    <property name="java.vendor.url.bug" value="http://bugreport.sun.com/bugreport/"/>
    <property name="java.io.tmpdir" value="C:\Users\gchan2\AppData\Local\Temp\"/>
    <property name="idea.version" value="2021.3"/>
    <property name="java.version" value="1.8.0_331"/>
    <property name="user.dir" value="D:\IDEAProj\authentication"/>
    <property name="os.arch" value="amd64"/>
    <property name="java.vm.specification.name" value="Java Virtual Machine Specification"/>
    <property name="java.awt.printerjob" value="sun.awt.windows.WPrinterJob"/>
    <property name="sun.os.patch.level" value=""/>
    <property name="java.library.path" value="D:\install_data\Java\jre\bin;C:\windows\Sun\Java\bin;C:\windows\system32;C:\windows;C:\Program Files (x86)\Common Files\Oracle\Java\javapath;C:\windows\system32;C:\windows;C:\windows\System32\Wbem;C:\windows\System32\WindowsPowerShell\v1.0\;C:\windows\System32\OpenSSH\;C:\Program Files\Pan Iflytek;D:\install_data\SDK\platform-tools;D:\install_data\Java\bin;D:\install_data\Mysql8\bin;D:\FileNameEnglish\Git\cmd;C:\Users\gchan2\AppData\Local\Microsoft\WindowsApps;;."/>
    <property name="java.vm.info" value="mixed mode"/>
    <property name="java.vendor" value="Oracle Corporation"/>
    <property name="java.vm.version" value="25.331-b09"/>
    <property name="java.ext.dirs" value="D:\install_data\Java\jre\lib\ext;C:\windows\Sun\Java\lib\ext"/>
    <property name="sun.io.unicode.encoding" value="UnicodeLittle"/>
    <property name="maven.repo.local" value="D:\install_data\Maven\apache-maven-3.6.3-bin\apache-maven-3.6.3\repository"/>
    <property name="java.class.version" value="52.0"/>
  </properties>
  <testcase name="comparePassword" classname="org.hgc.authentication.DemoApplicationTests" time="0.905"/>
  <testcase name="getPassword" classname="org.hgc.authentication.DemoApplicationTests" time="0.311"/>
  <testcase name="contextMybatisPlus" classname="org.hgc.authentication.DemoApplicationTests" time="2.158"/>
</testsuite>